<!DOCTYPE html>

<html>
  <head>
  <meta charset='utf-8'>
  <title>TestNG reports</title>

    <link type="text/css" href="testng-reports.css" rel="stylesheet" />
    <script type="text/javascript" src="jquery-1.7.1.min.js"></script>
    <script type="text/javascript" src="testng-reports.js"></script>
    <script type="text/javascript" src="https://www.google.com/jsapi"></script>
    <script type='text/javascript'>
      google.load('visualization', '1', {packages:['table']});
      google.setOnLoadCallback(drawTable);
      var suiteTableInitFunctions = new Array();
      var suiteTableData = new Array();
    </script>
    <!--
      <script type="text/javascript" src="jquery-ui/js/jquery-ui-1.8.16.custom.min.js"></script>
     -->
  </head>

  <body>
    <div class="top-banner-root">
      <span class="top-banner-title-font">Test results</span>
      <br/>
      <span class="top-banner-font-1">1 suite, 2 failed tests</span>
    </div> <!-- top-banner-root -->
    <div class="navigator-root">
      <div class="navigator-suite-header">
        <span>All suites</span>
        <a href="#" title="Collapse/expand all the suites" class="collapse-all-link">
          <img src="collapseall.gif" class="collapse-all-icon">
          </img> <!-- collapse-all-icon -->
        </a> <!-- collapse-all-link -->
      </div> <!-- navigator-suite-header -->
      <div class="suite">
        <div class="rounded-window">
          <div class="suite-header light-rounded-window-top">
            <a href="#" panel-name="suite-Suite" class="navigator-link">
              <span class="suite-name border-failed">Suite</span>
            </a> <!-- navigator-link -->
          </div> <!-- suite-header light-rounded-window-top -->
          <div class="navigator-suite-content">
            <div class="suite-section-title">
              <span>Info</span>
            </div> <!-- suite-section-title -->
            <div class="suite-section-content">
              <ul>
                <li>
                  <a href="#" panel-name="test-xml-Suite" class="navigator-link ">
                    <span>C:\Users\Anagha K\eclipse-workspace\SeleniumFrameworkDesign\TestSuite\testng.xml</span>
                  </a> <!-- navigator-link  -->
                </li>
                <li>
                  <a href="#" panel-name="testlist-Suite" class="navigator-link ">
                    <span class="test-stats">2 tests</span>
                  </a> <!-- navigator-link  -->
                </li>
                <li>
                  <a href="#" panel-name="group-Suite" class="navigator-link ">
                    <span>2 groups</span>
                  </a> <!-- navigator-link  -->
                </li>
                <li>
                  <a href="#" panel-name="times-Suite" class="navigator-link ">
                    <span>Times</span>
                  </a> <!-- navigator-link  -->
                </li>
                <li>
                  <a href="#" panel-name="reporter-Suite" class="navigator-link ">
                    <span>Reporter output</span>
                  </a> <!-- navigator-link  -->
                </li>
                <li>
                  <a href="#" panel-name="ignored-methods-Suite" class="navigator-link ">
                    <span>Ignored methods</span>
                  </a> <!-- navigator-link  -->
                </li>
                <li>
                  <a href="#" panel-name="chronological-Suite" class="navigator-link ">
                    <span>Chronological view</span>
                  </a> <!-- navigator-link  -->
                </li>
              </ul>
            </div> <!-- suite-section-content -->
            <div class="result-section">
              <div class="suite-section-title">
                <span>Results</span>
              </div> <!-- suite-section-title -->
              <div class="suite-section-content">
                <ul>
                  <li>
                    <span class="method-stats">5 methods, 2 failed,  1 skipped,  2 passed</span>
                  </li>
                  <li>
                    <span class="method-list-title failed">Failed methods</span>
                    <span class="show-or-hide-methods failed">
                      <a href="#" panel-name="suite-Suite" class="hide-methods failed suite-Suite"> (hide)</a> <!-- hide-methods failed suite-Suite -->
                      <a href="#" panel-name="suite-Suite" class="show-methods failed suite-Suite"> (show)</a> <!-- show-methods failed suite-Suite -->
                    </span>
                    <div class="method-list-content failed suite-Suite">
                      <span>
                        <img src="failed.png" width="3%"/>
                        <a href="#" panel-name="suite-Suite" title="rahulshettyacademy.tests.SubmitOrderTest" class="method navigator-link" hash-for-method="submitOrder({password=MyLearning@2024, mailid=anagha.k91@gmail.com, productName=ZARA COAT 3})">submitOrder({password=MyLearning@2024, mailid=anagha.k91@gmail.com, productName=ZARA COAT 3})</a> <!-- method navigator-link -->
                      </span>
                      <br/>
                      <span>
                        <img src="failed.png" width="3%"/>
                        <a href="#" panel-name="suite-Suite" title="rahulshettyacademy.tests.SubmitOrderTest" class="method navigator-link" hash-for-method="submitOrder({password=Bhadran$2020, mailid=bharan2020ismyworld@gmail.com, productName=ADIDAS ORIGINAL})">submitOrder({password=Bhadran$2020, mailid=bharan2020ismyworld@gmail.com, productName=ADIDAS ORIGINAL})</a> <!-- method navigator-link -->
                      </span>
                      <br/>
                    </div> <!-- method-list-content failed suite-Suite -->
                  </li>
                  <li>
                    <span class="method-list-title skipped">Skipped methods</span>
                    <span class="show-or-hide-methods skipped">
                      <a href="#" panel-name="suite-Suite" class="hide-methods skipped suite-Suite"> (hide)</a> <!-- hide-methods skipped suite-Suite -->
                      <a href="#" panel-name="suite-Suite" class="show-methods skipped suite-Suite"> (show)</a> <!-- show-methods skipped suite-Suite -->
                    </span>
                    <div class="method-list-content skipped suite-Suite">
                      <span>
                        <img src="skipped.png" width="3%"/>
                        <a href="#" panel-name="suite-Suite" title="rahulshettyacademy.tests.SubmitOrderTest" class="method navigator-link" hash-for-method="verifyOrder">verifyOrder</a> <!-- method navigator-link -->
                      </span>
                      <br/>
                    </div> <!-- method-list-content skipped suite-Suite -->
                  </li>
                  <li>
                    <span class="method-list-title passed">Passed methods</span>
                    <span class="show-or-hide-methods passed">
                      <a href="#" panel-name="suite-Suite" class="hide-methods passed suite-Suite"> (hide)</a> <!-- hide-methods passed suite-Suite -->
                      <a href="#" panel-name="suite-Suite" class="show-methods passed suite-Suite"> (show)</a> <!-- show-methods passed suite-Suite -->
                    </span>
                    <div class="method-list-content passed suite-Suite">
                      <span>
                        <img src="passed.png" width="3%"/>
                        <a href="#" panel-name="suite-Suite" title="rahulshettyacademy.tests.ErrorValidationsTest" class="method navigator-link" hash-for-method="LoginErrorvalidation">LoginErrorvalidation</a> <!-- method navigator-link -->
                      </span>
                      <br/>
                      <span>
                        <img src="passed.png" width="3%"/>
                        <a href="#" panel-name="suite-Suite" title="rahulshettyacademy.tests.ErrorValidationsTest" class="method navigator-link" hash-for-method="productErrorValidation">productErrorValidation</a> <!-- method navigator-link -->
                      </span>
                      <br/>
                    </div> <!-- method-list-content passed suite-Suite -->
                  </li>
                </ul>
              </div> <!-- suite-section-content -->
            </div> <!-- result-section -->
          </div> <!-- navigator-suite-content -->
        </div> <!-- rounded-window -->
      </div> <!-- suite -->
    </div> <!-- navigator-root -->
    <div class="wrapper">
      <div class="main-panel-root">
        <div panel-name="suite-Suite" class="panel Suite">
          <div class="suite-Suite-class-failed">
            <div class="main-panel-header rounded-window-top">
              <img src="failed.png"/>
              <span class="class-name">rahulshettyacademy.tests.SubmitOrderTest</span>
            </div> <!-- main-panel-header rounded-window-top -->
            <div class="main-panel-content rounded-window-bottom">
              <div class="method">
                <div class="method-content">
                  <a name="submitOrder({password=MyLearning@2024, mailid=anagha.k91@gmail.com, productName=ZARA COAT 3})">
                  </a> <!-- submitOrder({password=MyLearning@2024, mailid=anagha.k91@gmail.com, productName=ZARA COAT 3}) -->
                  <span class="method-name">submitOrder</span>
                  <span class="parameters">({password=MyLearning@2024, mailid=anagha.k91@gmail.com, productName=ZARA COAT 3})</span>
                  <div class="stack-trace">org.openqa.selenium.ElementClickInterceptedException: element click intercepted: Element is not clickable at point (1085, 651)
  (Session info: chrome=121.0.6167.185)
Build info: version: &apos;4.17.0&apos;, revision: &apos;e52b1be057*&apos;
System info: os.name: &apos;Windows 11&apos;, os.arch: &apos;amd64&apos;, os.version: &apos;10.0&apos;, java.version: &apos;21&apos;
Driver info: org.openqa.selenium.chrome.ChromeDriver
Command: [5b623fd05bc7bb9e1404aa4213d55756, clickElement {id=035E50C1504C6FF80DE1C79E4B6D1CF9_element_140}]
Capabilities {acceptInsecureCerts: false, browserName: chrome, browserVersion: 121.0.6167.185, chrome: {chromedriverVersion: 121.0.6167.184 (057a8ae7deb..., userDataDir: C:\Users\ANAGHA~1\AppData\L...}, fedcm:accounts: true, goog:chromeOptions: {debuggerAddress: localhost:56030}, networkConnectionEnabled: false, pageLoadStrategy: normal, platformName: windows, proxy: Proxy(), se:cdp: ws://localhost:56030/devtoo..., se:cdpVersion: 121.0.6167.185, setWindowRect: true, strictFileInteractability: false, timeouts: {implicit: 0, pageLoad: 300000, script: 30000}, unhandledPromptBehavior: dismiss and notify, webauthn:extension:credBlob: true, webauthn:extension:largeBlob: true, webauthn:extension:minPinLength: true, webauthn:extension:prf: true, webauthn:virtualAuthenticators: true}
Element: [[ChromeDriver: chrome on windows (5b623fd05bc7bb9e1404aa4213d55756)] -&gt; css selector: .btnn]
Session ID: 5b623fd05bc7bb9e1404aa4213d55756
	at org.openqa.selenium.remote.codec.w3c.W3CHttpResponseCodec.createException(W3CHttpResponseCodec.java:185)
	at org.openqa.selenium.remote.codec.w3c.W3CHttpResponseCodec.decode(W3CHttpResponseCodec.java:134)
	at org.openqa.selenium.remote.codec.w3c.W3CHttpResponseCodec.decode(W3CHttpResponseCodec.java:51)
	at org.openqa.selenium.remote.HttpCommandExecutor.execute(HttpCommandExecutor.java:190)
	at org.openqa.selenium.remote.service.DriverCommandExecutor.invokeExecute(DriverCommandExecutor.java:216)
	at org.openqa.selenium.remote.service.DriverCommandExecutor.execute(DriverCommandExecutor.java:174)
	at org.openqa.selenium.remote.RemoteWebDriver.execute(RemoteWebDriver.java:519)
	at org.openqa.selenium.remote.RemoteWebElement.execute(RemoteWebElement.java:223)
	at org.openqa.selenium.remote.RemoteWebElement.click(RemoteWebElement.java:76)
	at org.openqa.selenium.support.pagefactory.internal.LocatingElementHandler.invoke(LocatingElementHandler.java:51)
	at jdk.proxy2/jdk.proxy2.$Proxy12.click(Unknown Source)
	at rahulshettyacademy.pageobjects.CheckoutPage.navigateToOrderConfirmation(CheckoutPage.java:73)
	at rahulshettyacademy.tests.SubmitOrderTest.submitOrder(SubmitOrderTest.java:63)
	at java.base/java.util.concurrent.FutureTask.run(FutureTask.java:317)
	at java.base/java.util.concurrent.ThreadPoolExecutor.runWorker(ThreadPoolExecutor.java:1144)
	at java.base/java.util.concurrent.ThreadPoolExecutor$Worker.run(ThreadPoolExecutor.java:642)
	at java.base/java.lang.Thread.run(Thread.java:1583)
... Removed 19 stack frames
</div> <!-- stack-trace -->
                </div> <!-- method-content -->
              </div> <!-- method -->
              <div class="method">
                <div class="method-content">
                  <a name="submitOrder({password=Bhadran$2020, mailid=bharan2020ismyworld@gmail.com, productName=ADIDAS ORIGINAL})">
                  </a> <!-- submitOrder({password=Bhadran$2020, mailid=bharan2020ismyworld@gmail.com, productName=ADIDAS ORIGINAL}) -->
                  <span class="method-name">submitOrder</span>
                  <span class="parameters">({password=Bhadran$2020, mailid=bharan2020ismyworld@gmail.com, productName=ADIDAS ORIGINAL})</span>
                  <div class="stack-trace">org.openqa.selenium.ElementClickInterceptedException: element click intercepted: Element is not clickable at point (1085, 651)
  (Session info: chrome=121.0.6167.185)
Build info: version: &apos;4.17.0&apos;, revision: &apos;e52b1be057*&apos;
System info: os.name: &apos;Windows 11&apos;, os.arch: &apos;amd64&apos;, os.version: &apos;10.0&apos;, java.version: &apos;21&apos;
Driver info: org.openqa.selenium.chrome.ChromeDriver
Command: [49995ba0a57ed281ee14fc82cef6f0d3, clickElement {id=95446B3D4870700BA2DBD4A825CE2F53_element_131}]
Capabilities {acceptInsecureCerts: false, browserName: chrome, browserVersion: 121.0.6167.185, chrome: {chromedriverVersion: 121.0.6167.184 (057a8ae7deb..., userDataDir: C:\Users\ANAGHA~1\AppData\L...}, fedcm:accounts: true, goog:chromeOptions: {debuggerAddress: localhost:56167}, networkConnectionEnabled: false, pageLoadStrategy: normal, platformName: windows, proxy: Proxy(), se:cdp: ws://localhost:56167/devtoo..., se:cdpVersion: 121.0.6167.185, setWindowRect: true, strictFileInteractability: false, timeouts: {implicit: 0, pageLoad: 300000, script: 30000}, unhandledPromptBehavior: dismiss and notify, webauthn:extension:credBlob: true, webauthn:extension:largeBlob: true, webauthn:extension:minPinLength: true, webauthn:extension:prf: true, webauthn:virtualAuthenticators: true}
Element: [[ChromeDriver: chrome on windows (49995ba0a57ed281ee14fc82cef6f0d3)] -&gt; css selector: .btnn]
Session ID: 49995ba0a57ed281ee14fc82cef6f0d3
	at org.openqa.selenium.remote.codec.w3c.W3CHttpResponseCodec.createException(W3CHttpResponseCodec.java:185)
	at org.openqa.selenium.remote.codec.w3c.W3CHttpResponseCodec.decode(W3CHttpResponseCodec.java:134)
	at org.openqa.selenium.remote.codec.w3c.W3CHttpResponseCodec.decode(W3CHttpResponseCodec.java:51)
	at org.openqa.selenium.remote.HttpCommandExecutor.execute(HttpCommandExecutor.java:190)
	at org.openqa.selenium.remote.service.DriverCommandExecutor.invokeExecute(DriverCommandExecutor.java:216)
	at org.openqa.selenium.remote.service.DriverCommandExecutor.execute(DriverCommandExecutor.java:174)
	at org.openqa.selenium.remote.RemoteWebDriver.execute(RemoteWebDriver.java:519)
	at org.openqa.selenium.remote.RemoteWebElement.execute(RemoteWebElement.java:223)
	at org.openqa.selenium.remote.RemoteWebElement.click(RemoteWebElement.java:76)
	at org.openqa.selenium.support.pagefactory.internal.LocatingElementHandler.invoke(LocatingElementHandler.java:51)
	at jdk.proxy2/jdk.proxy2.$Proxy12.click(Unknown Source)
	at rahulshettyacademy.pageobjects.CheckoutPage.navigateToOrderConfirmation(CheckoutPage.java:73)
	at rahulshettyacademy.tests.SubmitOrderTest.submitOrder(SubmitOrderTest.java:63)
	at java.base/java.util.concurrent.FutureTask.run(FutureTask.java:317)
	at java.base/java.util.concurrent.ThreadPoolExecutor.runWorker(ThreadPoolExecutor.java:1144)
	at java.base/java.util.concurrent.ThreadPoolExecutor$Worker.run(ThreadPoolExecutor.java:642)
	at java.base/java.lang.Thread.run(Thread.java:1583)
... Removed 19 stack frames
</div> <!-- stack-trace -->
                </div> <!-- method-content -->
              </div> <!-- method -->
            </div> <!-- main-panel-content rounded-window-bottom -->
          </div> <!-- suite-Suite-class-failed -->
          <div class="suite-Suite-class-skipped">
            <div class="main-panel-header rounded-window-top">
              <img src="skipped.png"/>
              <span class="class-name">rahulshettyacademy.tests.SubmitOrderTest</span>
            </div> <!-- main-panel-header rounded-window-top -->
            <div class="main-panel-content rounded-window-bottom">
              <div class="method">
                <div class="method-content">
                  <a name="verifyOrder">
                  </a> <!-- verifyOrder -->
                  <span class="method-name">verifyOrder</span>
                  <div class="stack-trace">java.lang.Throwable: Method SubmitOrderTest.verifyOrder()[pri:0, instance:rahulshettyacademy.tests.SubmitOrderTest@6e9a5ed8] depends on not successfully finished methods
	at java.base/java.util.concurrent.FutureTask.run(FutureTask.java:317)
	at java.base/java.util.concurrent.ThreadPoolExecutor.runWorker(ThreadPoolExecutor.java:1144)
	at java.base/java.util.concurrent.ThreadPoolExecutor$Worker.run(ThreadPoolExecutor.java:642)
	at java.base/java.lang.Thread.run(Thread.java:1583)
... Removed 9 stack frames
</div> <!-- stack-trace -->
                </div> <!-- method-content -->
              </div> <!-- method -->
            </div> <!-- main-panel-content rounded-window-bottom -->
          </div> <!-- suite-Suite-class-skipped -->
          <div class="suite-Suite-class-passed">
            <div class="main-panel-header rounded-window-top">
              <img src="passed.png"/>
              <span class="class-name">rahulshettyacademy.tests.ErrorValidationsTest</span>
            </div> <!-- main-panel-header rounded-window-top -->
            <div class="main-panel-content rounded-window-bottom">
              <div class="method">
                <div class="method-content">
                  <a name="LoginErrorvalidation">
                  </a> <!-- LoginErrorvalidation -->
                  <span class="method-name">LoginErrorvalidation</span>
                </div> <!-- method-content -->
              </div> <!-- method -->
              <div class="method">
                <div class="method-content">
                  <a name="productErrorValidation">
                  </a> <!-- productErrorValidation -->
                  <span class="method-name">productErrorValidation</span>
                </div> <!-- method-content -->
              </div> <!-- method -->
            </div> <!-- main-panel-content rounded-window-bottom -->
          </div> <!-- suite-Suite-class-passed -->
        </div> <!-- panel Suite -->
        <div panel-name="test-xml-Suite" class="panel">
          <div class="main-panel-header rounded-window-top">
            <span class="header-content">C:\Users\Anagha K\eclipse-workspace\SeleniumFrameworkDesign\TestSuite\testng.xml</span>
          </div> <!-- main-panel-header rounded-window-top -->
          <div class="main-panel-content rounded-window-bottom">
            <pre>
&lt;?xml version=&quot;1.0&quot; encoding=&quot;UTF-8&quot;?&gt;
&lt;!DOCTYPE suite SYSTEM &quot;http://testng.org/testng-1.0.dtd&quot;&gt;
&lt;suite parallel=&quot;tests&quot; name=&quot;Suite&quot; guice-stage=&quot;DEVELOPMENT&quot; verbose=&quot;0&quot;&gt;
  &lt;test thread-count=&quot;5&quot; parallel=&quot;tests&quot; name=&quot;Submit Order Test&quot; verbose=&quot;0&quot;&gt;
    &lt;classes&gt;
      &lt;class name=&quot;rahulshettyacademy.tests.SubmitOrderTest&quot;/&gt;
    &lt;/classes&gt;
  &lt;/test&gt; &lt;!-- Submit Order Test --&gt;
  &lt;test thread-count=&quot;5&quot; parallel=&quot;tests&quot; name=&quot;Error validation Test&quot; verbose=&quot;0&quot;&gt;
    &lt;classes&gt;
      &lt;class name=&quot;rahulshettyacademy.tests.ErrorValidationsTest&quot;/&gt;
    &lt;/classes&gt;
  &lt;/test&gt; &lt;!-- Error validation Test --&gt;
&lt;/suite&gt; &lt;!-- Suite --&gt;
            </pre>
          </div> <!-- main-panel-content rounded-window-bottom -->
        </div> <!-- panel -->
        <div panel-name="testlist-Suite" class="panel">
          <div class="main-panel-header rounded-window-top">
            <span class="header-content">Tests for Suite</span>
          </div> <!-- main-panel-header rounded-window-top -->
          <div class="main-panel-content rounded-window-bottom">
            <ul>
              <li>
                <span class="test-name">Submit Order Test (1 class)</span>
              </li>
              <li>
                <span class="test-name">Error validation Test (1 class)</span>
              </li>
            </ul>
          </div> <!-- main-panel-content rounded-window-bottom -->
        </div> <!-- panel -->
        <div panel-name="group-Suite" class="panel">
          <div class="main-panel-header rounded-window-top">
            <span class="header-content">Groups for Suite</span>
          </div> <!-- main-panel-header rounded-window-top -->
          <div class="main-panel-content rounded-window-bottom">
            <div class="test-group">
              <span class="test-group-name">ErrorHandling</span>
              <br/>
              <div class="method-in-group">
                <span class="method-in-group-name">LoginErrorvalidation</span>
                <br/>
              </div> <!-- method-in-group -->
            </div> <!-- test-group -->
            <div class="test-group">
              <span class="test-group-name">Purchase</span>
              <br/>
              <div class="method-in-group">
                <span class="method-in-group-name">submitOrder</span>
                <br/>
              </div> <!-- method-in-group -->
            </div> <!-- test-group -->
          </div> <!-- main-panel-content rounded-window-bottom -->
        </div> <!-- panel -->
        <div panel-name="times-Suite" class="panel">
          <div class="main-panel-header rounded-window-top">
            <span class="header-content">Times for Suite</span>
          </div> <!-- main-panel-header rounded-window-top -->
          <div class="main-panel-content rounded-window-bottom">
            <div class="times-div">
              <script type="text/javascript">
suiteTableInitFunctions.push('tableData_Suite');
function tableData_Suite() {
var data = new google.visualization.DataTable();
data.addColumn('number', 'Number');
data.addColumn('string', 'Method');
data.addColumn('string', 'Class');
data.addColumn('number', 'Time (ms)');
data.addRows(5);
data.setCell(0, 0, 0)
data.setCell(0, 1, 'submitOrder')
data.setCell(0, 2, 'rahulshettyacademy.tests.SubmitOrderTest')
data.setCell(0, 3, 10748);
data.setCell(1, 0, 1)
data.setCell(1, 1, 'submitOrder')
data.setCell(1, 2, 'rahulshettyacademy.tests.SubmitOrderTest')
data.setCell(1, 3, 9176);
data.setCell(2, 0, 2)
data.setCell(2, 1, 'productErrorValidation')
data.setCell(2, 2, 'rahulshettyacademy.tests.ErrorValidationsTest')
data.setCell(2, 3, 2628);
data.setCell(3, 0, 3)
data.setCell(3, 1, 'LoginErrorvalidation')
data.setCell(3, 2, 'rahulshettyacademy.tests.ErrorValidationsTest')
data.setCell(3, 3, 760);
data.setCell(4, 0, 4)
data.setCell(4, 1, 'verifyOrder')
data.setCell(4, 2, 'rahulshettyacademy.tests.SubmitOrderTest')
data.setCell(4, 3, 0);
window.suiteTableData['Suite']= { tableData: data, tableDiv: 'times-div-Suite'}
return data;
}
              </script>
              <span class="suite-total-time">Total running time: 23 seconds</span>
              <div id="times-div-Suite">
              </div> <!-- times-div-Suite -->
            </div> <!-- times-div -->
          </div> <!-- main-panel-content rounded-window-bottom -->
        </div> <!-- panel -->
        <div panel-name="reporter-Suite" class="panel">
          <div class="main-panel-header rounded-window-top">
            <span class="header-content">Reporter output for Suite</span>
          </div> <!-- main-panel-header rounded-window-top -->
          <div class="main-panel-content rounded-window-bottom">
          </div> <!-- main-panel-content rounded-window-bottom -->
        </div> <!-- panel -->
        <div panel-name="ignored-methods-Suite" class="panel">
          <div class="main-panel-header rounded-window-top">
            <span class="header-content">0 ignored methods</span>
          </div> <!-- main-panel-header rounded-window-top -->
          <div class="main-panel-content rounded-window-bottom">
          </div> <!-- main-panel-content rounded-window-bottom -->
        </div> <!-- panel -->
        <div panel-name="chronological-Suite" class="panel">
          <div class="main-panel-header rounded-window-top">
            <span class="header-content">Methods in chronological order</span>
          </div> <!-- main-panel-header rounded-window-top -->
          <div class="main-panel-content rounded-window-bottom">
            <div class="chronological-class">
              <div class="chronological-class-name">rahulshettyacademy.tests.ErrorValidationsTest</div> <!-- chronological-class-name -->
              <div class="configuration-method before">
                <span class="method-name">launchApplication</span>
                <span class="method-start">0 ms</span>
              </div> <!-- configuration-method before -->
            </div> <!-- chronological-class -->
            <div class="chronological-class">
              <div class="chronological-class-name">rahulshettyacademy.tests.SubmitOrderTest</div> <!-- chronological-class-name -->
              <div class="configuration-method before">
                <span class="method-name">launchApplication</span>
                <span class="method-start">396 ms</span>
              </div> <!-- configuration-method before -->
            </div> <!-- chronological-class -->
            <div class="chronological-class">
              <div class="chronological-class-name">rahulshettyacademy.tests.ErrorValidationsTest</div> <!-- chronological-class-name -->
              <div class="test-method">
                <span class="method-name">LoginErrorvalidation</span>
                <span class="method-start">5127 ms</span>
              </div> <!-- test-method -->
              <div class="configuration-method after">
                <span class="method-name">tearDown</span>
                <span class="method-start">5892 ms</span>
              </div> <!-- configuration-method after -->
              <div class="configuration-method before">
                <span class="method-name">launchApplication</span>
                <span class="method-start">6048 ms</span>
              </div> <!-- configuration-method before -->
            </div> <!-- chronological-class -->
            <div class="chronological-class">
              <div class="chronological-class-name">rahulshettyacademy.tests.SubmitOrderTest</div> <!-- chronological-class-name -->
              <div class="test-method">
                <img src="failed.png">
                </img>
                <span class="method-name">submitOrder({password=MyLearning@2024, mailid=anagha.k91@gmail.com, productName=ZARA COAT 3})</span>
                <span class="method-start">6116 ms</span>
              </div> <!-- test-method -->
            </div> <!-- chronological-class -->
            <div class="chronological-class">
              <div class="chronological-class-name">rahulshettyacademy.tests.ErrorValidationsTest</div> <!-- chronological-class-name -->
              <div class="test-method">
                <span class="method-name">productErrorValidation</span>
                <span class="method-start">9053 ms</span>
              </div> <!-- test-method -->
              <div class="configuration-method after">
                <span class="method-name">tearDown</span>
                <span class="method-start">11682 ms</span>
              </div> <!-- configuration-method after -->
            </div> <!-- chronological-class -->
            <div class="chronological-class">
              <div class="chronological-class-name">rahulshettyacademy.tests.SubmitOrderTest</div> <!-- chronological-class-name -->
              <div class="configuration-method after">
                <span class="method-name">tearDown</span>
                <span class="method-start">16873 ms</span>
              </div> <!-- configuration-method after -->
              <div class="configuration-method before">
                <span class="method-name">launchApplication</span>
                <span class="method-start">17485 ms</span>
              </div> <!-- configuration-method before -->
              <div class="test-method">
                <img src="failed.png">
                </img>
                <span class="method-name">submitOrder({password=Bhadran$2020, mailid=bharan2020ismyworld@gmail.com, productName=ADIDAS ORIGINAL})</span>
                <span class="method-start">21793 ms</span>
              </div> <!-- test-method -->
              <div class="configuration-method after">
                <span class="method-name">tearDown</span>
                <span class="method-start">30971 ms</span>
              </div> <!-- configuration-method after -->
          </div> <!-- main-panel-content rounded-window-bottom -->
        </div> <!-- panel -->
      </div> <!-- main-panel-root -->
    </div> <!-- wrapper -->
  </body>
</html>
